<?xml version="1.0" encoding="UTF-8"?>
<testng-results skipped="0" failed="0" ignored="0" total="2" passed="2">
  <reporter-output>
  </reporter-output>
  <suite name="scripts.Amazon_Test" duration-ms="29389" started-at="2022-08-28T07:57:22 CDT" finished-at="2022-08-28T07:57:51 CDT">
    <groups>
    </groups>
    <test name="Command line test" duration-ms="29389" started-at="2022-08-28T07:57:22 CDT" finished-at="2022-08-28T07:57:51 CDT">
      <class name="scripts.Amazon_Test">
        <test-method status="PASS" signature="setup()[pri:0, instance:scripts.Amazon_Test@5700d6b1]" name="setup" is-config="true" duration-ms="1729" started-at="2022-08-28T07:57:22 CDT" finished-at="2022-08-28T07:57:24 CDT">
          <reporter-output>
          </reporter-output>
        </test-method> <!-- setup -->
        <test-method status="PASS" signature="TestAmazonHomePage()[pri:1, instance:scripts.Amazon_Test@5700d6b1]" name="TestAmazonHomePage" duration-ms="3814" started-at="2022-08-28T07:57:24 CDT" description="Amazon URL and Title Validation" finished-at="2022-08-28T07:57:28 CDT">
          <reporter-output>
          </reporter-output>
        </test-method> <!-- TestAmazonHomePage -->
        <test-method status="PASS" signature="teardown()[pri:0, instance:scripts.Amazon_Test@5700d6b1]" name="teardown" is-config="true" duration-ms="3177" started-at="2022-08-28T07:57:28 CDT" finished-at="2022-08-28T07:57:31 CDT">
          <reporter-output>
          </reporter-output>
        </test-method> <!-- teardown -->
        <test-method status="PASS" signature="setup()[pri:0, instance:scripts.Amazon_Test@5700d6b1]" name="setup" is-config="true" duration-ms="1020" started-at="2022-08-28T07:57:31 CDT" finished-at="2022-08-28T07:57:32 CDT">
          <reporter-output>
          </reporter-output>
        </test-method> <!-- setup -->
        <test-method status="PASS" signature="TestTV_Appliances_Electronics()[pri:2, instance:scripts.Amazon_Test@5700d6b1]" name="TestTV_Appliances_Electronics" duration-ms="16388" started-at="2022-08-28T07:57:32 CDT" description="Amazon hamburger menu items Validation" finished-at="2022-08-28T07:57:48 CDT">
          <reporter-output>
          </reporter-output>
        </test-method> <!-- TestTV_Appliances_Electronics -->
        <test-method status="PASS" signature="teardown()[pri:0, instance:scripts.Amazon_Test@5700d6b1]" name="teardown" is-config="true" duration-ms="3236" started-at="2022-08-28T07:57:48 CDT" finished-at="2022-08-28T07:57:51 CDT">
          <reporter-output>
          </reporter-output>
        </test-method> <!-- teardown -->
      </class> <!-- scripts.Amazon_Test -->
    </test> <!-- Command line test -->
  </suite> <!-- scripts.Amazon_Test -->
</testng-results>
